C51 COMPILER V9.54   MAIN                                                                  01/12/2026 09:58:03 PAGE 1   


C51 COMPILER V9.54, COMPILATION OF MODULE MAIN
OBJECT MODULE PLACED IN .\Objects\main.obj
COMPILER INVOKED BY: C:\Users\Shelton\AppData\Local\Programs\Keil_v5\C51\BIN\C51.EXE main.c OPTIMIZE(8,SPEED) BROWSE DEB
                    -UG OBJECTEXTEND PRINT(.\Listings\main.lst) TABS(2) OBJECT(.\Objects\main.obj)

line level    source

   1          #include <REGX52.H>
   2          void Delay1ms(unsigned char xms)
   3          {
   4   1        unsigned char i,j;
   5   1        while(xms)
   6   1        {
   7   2          i = 2;
   8   2          j = 239;  
   9   2          do
  10   2          {
  11   3            while(--j);
  12   3          }while(--i);
  13   2          xms--;
  14   2        }
  15   1      }
  16          
  17          void main()
  18          {
  19   1        P2 = 0xFE; // 1111 1110
  20   1          
  21   1        while(1)
  22   1        {
  23   2          if (P2 == 0xFF) {
  24   3            P2 = 0xFE;
  25   3          }
  26   2          
  27   2          Delay1ms(1000);
  28   2          
  29   2          P2 = (P2 << 1) | 0x01; // 1111 1111
  30   2        }
  31   1      }


MODULE INFORMATION:   STATIC OVERLAYABLE
   CODE SIZE        =     41    ----
   CONSTANT SIZE    =   ----    ----
   XDATA SIZE       =   ----    ----
   PDATA SIZE       =   ----    ----
   DATA SIZE        =   ----    ----
   IDATA SIZE       =   ----    ----
   BIT SIZE         =   ----    ----
END OF MODULE INFORMATION.


C51 COMPILATION COMPLETE.  0 WARNING(S),  0 ERROR(S)
