C51 COMPILER V9.54   MAIN                                                                  01/29/2026 18:26:57 PAGE 1   


C51 COMPILER V9.54, COMPILATION OF MODULE MAIN
OBJECT MODULE PLACED IN .\Objects\main.obj
COMPILER INVOKED BY: C:\Users\Shelton\AppData\Local\Programs\Keil_v5\C51\BIN\C51.EXE main.c OPTIMIZE(8,SPEED) BROWSE DEB
                    -UG OBJECTEXTEND PRINT(.\Listings\main.lst) TABS(2) OBJECT(.\Objects\main.obj)

line level    source

   1          #include <REGX52.H>
   2          #include <intrins.h>
   3          
   4          void DelayMs(unsigned char xms)
   5          {
   6   1        unsigned char i,j;
   7   1        while(xms)
   8   1        {
   9   2          i = 2;
  10   2          j = 239;  
  11   2          do
  12   2          {
  13   3            while(--j);
  14   3          }while(--i);
  15   2          xms--;
  16   2        }
  17   1      }
  18          
  19          
  20          void main()
  21          {
  22   1          P2 = 0xFF;  // 二进制 1111 1111 的共阳极表示
  23   1          
  24   1          while(1)
  25   1          {
  26   2              if (P3_1 == 0) {
  27   3                  DelayMs(20); // 按键消抖
  28   3                  
  29   3                  if (P3_1 == 0) { // 确认按键按下
  30   4                      while (P3_1 == 0); // 等待松手
  31   4                      DelayMs(20); // 松手消抖
  32   4                      
  33   4                      P2 = ~P2; // 0000 0000
  34   4                      P2++;     // 0000 0001
  35   4                      P2 = ~P2; // 1111 1110
  36   4                  }
  37   3              }
  38   2          }
  39   1      }


MODULE INFORMATION:   STATIC OVERLAYABLE
   CODE SIZE        =     47    ----
   CONSTANT SIZE    =   ----    ----
   XDATA SIZE       =   ----    ----
   PDATA SIZE       =   ----    ----
   DATA SIZE        =   ----    ----
   IDATA SIZE       =   ----    ----
   BIT SIZE         =   ----    ----
END OF MODULE INFORMATION.


C51 COMPILATION COMPLETE.  0 WARNING(S),  0 ERROR(S)
