C51 COMPILER V9.54   MAIN                                                                  01/29/2026 18:18:34 PAGE 1   


C51 COMPILER V9.54, COMPILATION OF MODULE MAIN
OBJECT MODULE PLACED IN .\Objects\main.obj
COMPILER INVOKED BY: C:\Users\Shelton\AppData\Local\Programs\Keil_v5\C51\BIN\C51.EXE main.c OPTIMIZE(8,SPEED) BROWSE DEB
                    -UG OBJECTEXTEND PRINT(.\Listings\main.lst) TABS(2) OBJECT(.\Objects\main.obj)

line level    source

   1          #include <REGX52.H>
   2          
   3          void DelayMs(unsigned char xms)
   4          {
   5   1        unsigned char i,j;
   6   1        while(xms)
   7   1        {
   8   2          i = 2;
   9   2          j = 239;  
  10   2          do
  11   2          {
  12   3            while(--j);
  13   3          }while(--i);
  14   2          xms--;
  15   2        }
  16   1      }
  17          
  18          void LedOn ()
  19          {
  20   1        P2 = 0xFE;
  21   1      }
  22          
  23          void LedOff ()
  24          {
  25   1        P2 = 0xFF;
  26   1      }
  27          
  28          void LedToggle ()
  29          {
  30   1        P2_0 = ~P2_0;
  31   1      }
  32          
  33          void main()
  34          {
  35   1        P2 = 0xFE; // 1111 1110
  36   1          
  37   1        while(1)
  38   1        {
  39   2              if (P3_1 == 0) {
  40   3            DelayMs(20); // 按下消抖
  41   3      
  42   3            while (P3_1 == 0); // 松手消抖
  43   3            DelayMs(20); 
  44   3      
  45   3            LedToggle();
  46   3              } 
  47   2        }
  48   1      }


MODULE INFORMATION:   STATIC OVERLAYABLE
   CODE SIZE        =     50    ----
   CONSTANT SIZE    =   ----    ----
   XDATA SIZE       =   ----    ----
C51 COMPILER V9.54   MAIN                                                                  01/29/2026 18:18:34 PAGE 2   

   PDATA SIZE       =   ----    ----
   DATA SIZE        =   ----    ----
   IDATA SIZE       =   ----    ----
   BIT SIZE         =   ----    ----
END OF MODULE INFORMATION.


C51 COMPILATION COMPLETE.  0 WARNING(S),  0 ERROR(S)
